<?xml version="1.0" encoding="UTF-8"?>
<!-- Generated by org.testng.reporters.JUnitXMLReporter -->
<testsuite hostname="TEB5J02J3" ignored="0" name="CreateNewSubLocation&amp;CreateNewSite" tests="4" failures="3" timestamp="2024-02-07T15:27:36 IST" time="88.087" errors="0">
  <testcase name="verifyMySiteLogin" time="0.156" classname="com.mysite.testcases.TC_AddNewSublocationTest"/>
  <testcase name="searchCustomerID" time="1.91" classname="com.mysite.testcases.TC_AddNewSublocationTest">
    <failure type="org.openqa.selenium.StaleElementReferenceException" message="stale element reference: stale element not found
  (Session info: MicrosoftEdge=120.0.2210.167)
For documentation on this error, please visit: https://selenium.dev/exceptions/#stale_element_reference
Build info: version: &amp;apos;4.8.3&amp;apos;, revision: &amp;apos;e5e76298c3&amp;apos;
System info: os.name: &amp;apos;Windows 10&amp;apos;, os.arch: &amp;apos;amd64&amp;apos;, os.version: &amp;apos;10.0&amp;apos;, java.version: &amp;apos;1.8.0_121&amp;apos;
Driver info: org.openqa.selenium.edge.EdgeDriver
Command: [d5521ff75302ad17458c3b486ec54e2d, clickElement {id=D2BCCC3AE6954E41F15E23D623373876_element_60}]
Capabilities {acceptInsecureCerts: false, browserName: MicrosoftEdge, browserVersion: 120.0.2210.167, fedcm:accounts: true, ms:edgeOptions: {debuggerAddress: localhost:56612}, msedge: {msedgedriverVersion: 120.0.2210.167 (ce6380c889f..., userDataDir: C:\Users\612627~1\AppData\L...}, networkConnectionEnabled: false, pageLoadStrategy: normal, platformName: WINDOWS, proxy: Proxy(), se:cdp: ws://localhost:56612/devtoo..., se:cdpVersion: 120.0.2210.167, setWindowRect: true, strictFileInteractability: false, timeouts: {implicit: 0, pageLoad: 300000, script: 30000}, unhandledPromptBehavior: dismiss and notify, webauthn:extension:credBlob: true, webauthn:extension:largeBlob: true, webauthn:extension:minPinLength: true, webauthn:extension:prf: true, webauthn:virtualAuthenticators: true}
Element: [[EdgeDriver: MicrosoftEdge on WINDOWS (d5521ff75302ad17458c3b486ec54e2d)] -&amp;gt; xpath: //tbody/tr[1]/td[9]/tw-tableaction[1]/button[1]]
Session ID: d5521ff75302ad17458c3b486ec54e2d">
      <![CDATA[org.openqa.selenium.StaleElementReferenceException: stale element reference: stale element not found
  (Session info: MicrosoftEdge=120.0.2210.167)
For documentation on this error, please visit: https://selenium.dev/exceptions/#stale_element_reference
Build info: version: '4.8.3', revision: 'e5e76298c3'
System info: os.name: 'Windows 10', os.arch: 'amd64', os.version: '10.0', java.version: '1.8.0_121'
Driver info: org.openqa.selenium.edge.EdgeDriver
Command: [d5521ff75302ad17458c3b486ec54e2d, clickElement {id=D2BCCC3AE6954E41F15E23D623373876_element_60}]
Capabilities {acceptInsecureCerts: false, browserName: MicrosoftEdge, browserVersion: 120.0.2210.167, fedcm:accounts: true, ms:edgeOptions: {debuggerAddress: localhost:56612}, msedge: {msedgedriverVersion: 120.0.2210.167 (ce6380c889f..., userDataDir: C:\Users\612627~1\AppData\L...}, networkConnectionEnabled: false, pageLoadStrategy: normal, platformName: WINDOWS, proxy: Proxy(), se:cdp: ws://localhost:56612/devtoo..., se:cdpVersion: 120.0.2210.167, setWindowRect: true, strictFileInteractability: false, timeouts: {implicit: 0, pageLoad: 300000, script: 30000}, unhandledPromptBehavior: dismiss and notify, webauthn:extension:credBlob: true, webauthn:extension:largeBlob: true, webauthn:extension:minPinLength: true, webauthn:extension:prf: true, webauthn:virtualAuthenticators: true}
Element: [[EdgeDriver: MicrosoftEdge on WINDOWS (d5521ff75302ad17458c3b486ec54e2d)] -> xpath: //tbody/tr[1]/td[9]/tw-tableaction[1]/button[1]]
Session ID: d5521ff75302ad17458c3b486ec54e2d
at org.openqa.selenium.remote.codec.w3c.W3CHttpResponseCodec.createException(W3CHttpResponseCodec.java:200)
at org.openqa.selenium.remote.codec.w3c.W3CHttpResponseCodec.decode(W3CHttpResponseCodec.java:133)
at org.openqa.selenium.remote.codec.w3c.W3CHttpResponseCodec.decode(W3CHttpResponseCodec.java:53)
at org.openqa.selenium.remote.HttpCommandExecutor.execute(HttpCommandExecutor.java:193)
at org.openqa.selenium.remote.service.DriverCommandExecutor.invokeExecute(DriverCommandExecutor.java:183)
at org.openqa.selenium.remote.service.DriverCommandExecutor.execute(DriverCommandExecutor.java:158)
at org.openqa.selenium.remote.RemoteWebDriver.execute(RemoteWebDriver.java:543)
at org.openqa.selenium.remote.RemoteWebElement.execute(RemoteWebElement.java:257)
at org.openqa.selenium.remote.RemoteWebElement.click(RemoteWebElement.java:78)
at org.openqa.selenium.support.pagefactory.internal.LocatingElementHandler.invoke(LocatingElementHandler.java:52)
at com.sun.proxy.$Proxy30.click(Unknown Source)
at com.mysite.pageobject.HomePage.searchWithCustomerId(HomePage.java:80)
at com.mysite.testcases.TC_AddNewSublocationTest.searchCustomerID(TC_AddNewSublocationTest.java:28)
at java.util.ArrayList.forEach(Unknown Source)
... Removed 35 stack frames]]>
    </failure>
  </testcase> <!-- searchCustomerID -->
  <testcase name="searchExistingSites" time="35.257" classname="com.mysite.testcases.TC_AddNewSublocationTest">
    <failure type="org.openqa.selenium.TimeoutException" message="Expected condition failed: waiting for visibility of [[EdgeDriver: MicrosoftEdge on WINDOWS (d5521ff75302ad17458c3b486ec54e2d)] -&amp;gt; xpath: (//input[@type=&amp;apos;text&amp;apos;])[1]] (tried for 35 second(s) with 500 milliseconds interval)
Build info: version: &amp;apos;4.8.3&amp;apos;, revision: &amp;apos;e5e76298c3&amp;apos;
System info: os.name: &amp;apos;Windows 10&amp;apos;, os.arch: &amp;apos;amd64&amp;apos;, os.version: &amp;apos;10.0&amp;apos;, java.version: &amp;apos;1.8.0_121&amp;apos;
Driver info: org.openqa.selenium.edge.EdgeDriver
Capabilities {acceptInsecureCerts: false, browserName: MicrosoftEdge, browserVersion: 120.0.2210.167, fedcm:accounts: true, ms:edgeOptions: {debuggerAddress: localhost:56612}, msedge: {msedgedriverVersion: 120.0.2210.167 (ce6380c889f..., userDataDir: C:\Users\612627~1\AppData\L...}, networkConnectionEnabled: false, pageLoadStrategy: normal, platformName: WINDOWS, proxy: Proxy(), se:cdp: ws://localhost:56612/devtoo..., se:cdpVersion: 120.0.2210.167, setWindowRect: true, strictFileInteractability: false, timeouts: {implicit: 0, pageLoad: 300000, script: 30000}, unhandledPromptBehavior: dismiss and notify, webauthn:extension:credBlob: true, webauthn:extension:largeBlob: true, webauthn:extension:minPinLength: true, webauthn:extension:prf: true, webauthn:virtualAuthenticators: true}
Session ID: d5521ff75302ad17458c3b486ec54e2d">
      <![CDATA[org.openqa.selenium.TimeoutException: Expected condition failed: waiting for visibility of [[EdgeDriver: MicrosoftEdge on WINDOWS (d5521ff75302ad17458c3b486ec54e2d)] -> xpath: (//input[@type='text'])[1]] (tried for 35 second(s) with 500 milliseconds interval)
Build info: version: '4.8.3', revision: 'e5e76298c3'
System info: os.name: 'Windows 10', os.arch: 'amd64', os.version: '10.0', java.version: '1.8.0_121'
Driver info: org.openqa.selenium.edge.EdgeDriver
Capabilities {acceptInsecureCerts: false, browserName: MicrosoftEdge, browserVersion: 120.0.2210.167, fedcm:accounts: true, ms:edgeOptions: {debuggerAddress: localhost:56612}, msedge: {msedgedriverVersion: 120.0.2210.167 (ce6380c889f..., userDataDir: C:\Users\612627~1\AppData\L...}, networkConnectionEnabled: false, pageLoadStrategy: normal, platformName: WINDOWS, proxy: Proxy(), se:cdp: ws://localhost:56612/devtoo..., se:cdpVersion: 120.0.2210.167, setWindowRect: true, strictFileInteractability: false, timeouts: {implicit: 0, pageLoad: 300000, script: 30000}, unhandledPromptBehavior: dismiss and notify, webauthn:extension:credBlob: true, webauthn:extension:largeBlob: true, webauthn:extension:minPinLength: true, webauthn:extension:prf: true, webauthn:virtualAuthenticators: true}
Session ID: d5521ff75302ad17458c3b486ec54e2d
at org.openqa.selenium.support.ui.WebDriverWait.timeoutException(WebDriverWait.java:87)
at org.openqa.selenium.support.ui.FluentWait.until(FluentWait.java:231)
at com.mysite.pageobject.ExistingSitesPage.sitesearch(ExistingSitesPage.java:61)
at com.mysite.testcases.TC_AddNewSublocationTest.searchExistingSites(TC_AddNewSublocationTest.java:36)
at java.util.ArrayList.forEach(Unknown Source)
... Removed 27 stack frames]]>
    </failure>
  </testcase> <!-- searchExistingSites -->
  <testcase name="createNewSite" time="24.549" classname="com.mysite.testcases.TC_AddNewSite">
    <failure type="java.lang.AssertionError" message="expected [true] but found [false]">
      <![CDATA[java.lang.AssertionError: expected [true] but found [false]
at com.mysite.pageobject.AddANewSite.siteCreationcheck(AddANewSite.java:113)
at com.mysite.testcases.TC_AddNewSite.createNewSite(TC_AddNewSite.java:25)
at java.util.ArrayList.forEach(Unknown Source)
... Removed 31 stack frames]]>
    </failure>
  </testcase> <!-- createNewSite -->
</testsuite> <!-- CreateNewSubLocation&CreateNewSite -->
